Performing C SOURCE FILE Test CMAKE_HAVE_LIBC_PTHREAD failed with the following output:
Change Dir: /home/yuntian/ros1_ws/src/base_station_ctrl/build/CMakeFiles/CMakeTmp

Run Build Command(s):/usr/bin/make -f Makefile cmTC_e64be/fast && /usr/bin/make  -f CMakeFiles/cmTC_e64be.dir/build.make CMakeFiles/cmTC_e64be.dir/build
make[1]: Entering directory '/home/yuntian/ros1_ws/src/base_station_ctrl/build/CMakeFiles/CMakeTmp'
Building C object CMakeFiles/cmTC_e64be.dir/src.c.o
/usr/bin/gcc -DCMAKE_HAVE_LIBC_PTHREAD   -o CMakeFiles/cmTC_e64be.dir/src.c.o -c /home/yuntian/ros1_ws/src/base_station_ctrl/build/CMakeFiles/CMakeTmp/src.c
Linking C executable cmTC_e64be
/usr/bin/cmake -E cmake_link_script CMakeFiles/cmTC_e64be.dir/link.txt --verbose=1
/usr/bin/gcc -rdynamic CMakeFiles/cmTC_e64be.dir/src.c.o -o cmTC_e64be 
/usr/bin/ld: CMakeFiles/cmTC_e64be.dir/src.c.o: in function `main':
src.c:(.text+0x46): undefined reference to `pthread_create'
/usr/bin/ld: src.c:(.text+0x52): undefined reference to `pthread_detach'
/usr/bin/ld: src.c:(.text+0x5e): undefined reference to `pthread_cancel'
/usr/bin/ld: src.c:(.text+0x6f): undefined reference to `pthread_join'
collect2: error: ld returned 1 exit status
make[1]: *** [CMakeFiles/cmTC_e64be.dir/build.make:99: cmTC_e64be] Error 1
make[1]: Leaving directory '/home/yuntian/ros1_ws/src/base_station_ctrl/build/CMakeFiles/CMakeTmp'
make: *** [Makefile:127: cmTC_e64be/fast] Error 2


Source file was:
#include <pthread.h>

static void* test_func(void* data)
{
  return data;
}

int main(void)
{
  pthread_t thread;
  pthread_create(&thread, NULL, test_func, NULL);
  pthread_detach(thread);
  pthread_cancel(thread);
  pthread_join(thread, NULL);
  pthread_atfork(NULL, NULL, NULL);
  pthread_exit(NULL);

  return 0;
}

Determining if the function pthread_create exists in the pthreads failed with the following output:
Change Dir: /home/yuntian/ros1_ws/src/base_station_ctrl/build/CMakeFiles/CMakeTmp

Run Build Command(s):/usr/bin/make -f Makefile cmTC_96b19/fast && /usr/bin/make  -f CMakeFiles/cmTC_96b19.dir/build.make CMakeFiles/cmTC_96b19.dir/build
make[1]: Entering directory '/home/yuntian/ros1_ws/src/base_station_ctrl/build/CMakeFiles/CMakeTmp'
Building C object CMakeFiles/cmTC_96b19.dir/CheckFunctionExists.c.o
/usr/bin/gcc   -DCHECK_FUNCTION_EXISTS=pthread_create -o CMakeFiles/cmTC_96b19.dir/CheckFunctionExists.c.o -c /usr/share/cmake-3.24/Modules/CheckFunctionExists.c
Linking C executable cmTC_96b19
/usr/bin/cmake -E cmake_link_script CMakeFiles/cmTC_96b19.dir/link.txt --verbose=1
/usr/bin/gcc  -DCHECK_FUNCTION_EXISTS=pthread_create -rdynamic CMakeFiles/cmTC_96b19.dir/CheckFunctionExists.c.o -o cmTC_96b19  -lpthreads 
/usr/bin/ld: cannot find -lpthreads
collect2: error: ld returned 1 exit status
make[1]: *** [CMakeFiles/cmTC_96b19.dir/build.make:99: cmTC_96b19] Error 1
make[1]: Leaving directory '/home/yuntian/ros1_ws/src/base_station_ctrl/build/CMakeFiles/CMakeTmp'
make: *** [Makefile:127: cmTC_96b19/fast] Error 2



